2025-04-08 19:44:40 [INFO] sqlalchemy.engine.Engine: select pg_catalog.version()
2025-04-08 19:44:40 [INFO] sqlalchemy.engine.Engine: [raw sql] ()
2025-04-08 19:44:40 [INFO] sqlalchemy.engine.Engine: select current_schema()
2025-04-08 19:44:40 [INFO] sqlalchemy.engine.Engine: [raw sql] ()
2025-04-08 19:44:40 [INFO] sqlalchemy.engine.Engine: show standard_conforming_strings
2025-04-08 19:44:40 [INFO] sqlalchemy.engine.Engine: [raw sql] ()
2025-04-08 19:44:40 [INFO] sqlalchemy.engine.Engine: BEGIN (implicit)
2025-04-08 19:44:40 [INFO] sqlalchemy.engine.Engine: SELECT languages.language, languages.iso 
FROM languages
2025-04-08 19:44:40 [INFO] sqlalchemy.engine.Engine: [generated in 0.00023s] ()
2025-04-08 19:44:40 [INFO] sqlalchemy.engine.Engine: ROLLBACK
2025-04-08 19:45:08 [INFO] sqlalchemy.engine.Engine: select pg_catalog.version()
2025-04-08 19:45:08 [INFO] sqlalchemy.engine.Engine: [raw sql] ()
2025-04-08 19:45:08 [INFO] sqlalchemy.engine.Engine: select current_schema()
2025-04-08 19:45:08 [INFO] sqlalchemy.engine.Engine: [raw sql] ()
2025-04-08 19:45:08 [INFO] sqlalchemy.engine.Engine: show standard_conforming_strings
2025-04-08 19:45:08 [INFO] sqlalchemy.engine.Engine: [raw sql] ()
2025-04-08 19:45:08 [INFO] sqlalchemy.engine.Engine: BEGIN (implicit)
2025-04-08 19:45:08 [INFO] sqlalchemy.engine.Engine: SELECT languages.language, languages.iso 
FROM languages
2025-04-08 19:45:08 [INFO] sqlalchemy.engine.Engine: [generated in 0.00024s] ()
2025-04-08 19:45:08 [INFO] sqlalchemy.engine.Engine: ROLLBACK
2025-04-08 19:49:06 [INFO] sqlalchemy.engine.Engine: select pg_catalog.version()
2025-04-08 19:49:06 [INFO] sqlalchemy.engine.Engine: [raw sql] ()
2025-04-08 19:49:06 [INFO] sqlalchemy.engine.Engine: select current_schema()
2025-04-08 19:49:06 [INFO] sqlalchemy.engine.Engine: [raw sql] ()
2025-04-08 19:49:06 [INFO] sqlalchemy.engine.Engine: show standard_conforming_strings
2025-04-08 19:49:06 [INFO] sqlalchemy.engine.Engine: [raw sql] ()
2025-04-08 19:49:06 [INFO] sqlalchemy.engine.Engine: BEGIN (implicit)
2025-04-08 19:49:06 [INFO] sqlalchemy.engine.Engine: SELECT languages.language, languages.iso 
FROM languages
2025-04-08 19:49:06 [INFO] sqlalchemy.engine.Engine: [generated in 0.00024s] ()
2025-04-08 19:49:06 [INFO] sqlalchemy.engine.Engine: ROLLBACK
2025-04-08 19:49:28 [INFO] sqlalchemy.engine.Engine: select pg_catalog.version()
2025-04-08 19:49:28 [INFO] sqlalchemy.engine.Engine: [raw sql] ()
2025-04-08 19:49:28 [INFO] sqlalchemy.engine.Engine: select current_schema()
2025-04-08 19:49:28 [INFO] sqlalchemy.engine.Engine: [raw sql] ()
2025-04-08 19:49:28 [INFO] sqlalchemy.engine.Engine: show standard_conforming_strings
2025-04-08 19:49:28 [INFO] sqlalchemy.engine.Engine: [raw sql] ()
2025-04-08 19:49:28 [INFO] sqlalchemy.engine.Engine: BEGIN (implicit)
2025-04-08 19:49:28 [INFO] sqlalchemy.engine.Engine: SELECT languages.language, languages.iso 
FROM languages
2025-04-08 19:49:28 [INFO] sqlalchemy.engine.Engine: [generated in 0.00021s] ()
2025-04-08 19:49:28 [INFO] sqlalchemy.engine.Engine: ROLLBACK
2025-04-08 19:50:05 [INFO] sqlalchemy.engine.Engine: select pg_catalog.version()
2025-04-08 19:50:05 [INFO] sqlalchemy.engine.Engine: [raw sql] ()
2025-04-08 19:50:05 [INFO] sqlalchemy.engine.Engine: select current_schema()
2025-04-08 19:50:05 [INFO] sqlalchemy.engine.Engine: [raw sql] ()
2025-04-08 19:50:05 [INFO] sqlalchemy.engine.Engine: show standard_conforming_strings
2025-04-08 19:50:05 [INFO] sqlalchemy.engine.Engine: [raw sql] ()
2025-04-08 19:50:05 [INFO] sqlalchemy.engine.Engine: BEGIN (implicit)
2025-04-08 19:50:05 [INFO] sqlalchemy.engine.Engine: SELECT languages.language, languages.iso 
FROM languages
2025-04-08 19:50:05 [INFO] sqlalchemy.engine.Engine: [generated in 0.00032s] ()
2025-04-08 19:50:05 [INFO] sqlalchemy.engine.Engine: ROLLBACK
2025-04-08 19:50:11 [INFO] sqlalchemy.engine.Engine: select pg_catalog.version()
2025-04-08 19:50:11 [INFO] sqlalchemy.engine.Engine: [raw sql] ()
2025-04-08 19:50:11 [INFO] sqlalchemy.engine.Engine: select current_schema()
2025-04-08 19:50:11 [INFO] sqlalchemy.engine.Engine: [raw sql] ()
2025-04-08 19:50:11 [INFO] sqlalchemy.engine.Engine: show standard_conforming_strings
2025-04-08 19:50:11 [INFO] sqlalchemy.engine.Engine: [raw sql] ()
2025-04-08 19:50:11 [INFO] sqlalchemy.engine.Engine: BEGIN (implicit)
2025-04-08 19:50:11 [INFO] sqlalchemy.engine.Engine: SELECT languages.language, languages.iso 
FROM languages
2025-04-08 19:50:11 [INFO] sqlalchemy.engine.Engine: [generated in 0.00022s] ()
2025-04-08 19:50:11 [INFO] sqlalchemy.engine.Engine: ROLLBACK
2025-04-08 19:50:17 [INFO] sqlalchemy.engine.Engine: select pg_catalog.version()
2025-04-08 19:50:17 [INFO] sqlalchemy.engine.Engine: [raw sql] ()
2025-04-08 19:50:17 [INFO] sqlalchemy.engine.Engine: select current_schema()
2025-04-08 19:50:17 [INFO] sqlalchemy.engine.Engine: [raw sql] ()
2025-04-08 19:50:17 [INFO] sqlalchemy.engine.Engine: show standard_conforming_strings
2025-04-08 19:50:17 [INFO] sqlalchemy.engine.Engine: [raw sql] ()
2025-04-08 19:50:17 [INFO] sqlalchemy.engine.Engine: BEGIN (implicit)
2025-04-08 19:50:17 [INFO] sqlalchemy.engine.Engine: SELECT languages.language, languages.iso 
FROM languages
2025-04-08 19:50:17 [INFO] sqlalchemy.engine.Engine: [generated in 0.00022s] ()
2025-04-08 19:50:17 [INFO] sqlalchemy.engine.Engine: ROLLBACK
2025-04-08 19:50:24 [INFO] sqlalchemy.engine.Engine: select pg_catalog.version()
2025-04-08 19:50:24 [INFO] sqlalchemy.engine.Engine: [raw sql] ()
2025-04-08 19:50:24 [INFO] sqlalchemy.engine.Engine: select current_schema()
2025-04-08 19:50:24 [INFO] sqlalchemy.engine.Engine: [raw sql] ()
2025-04-08 19:50:24 [INFO] sqlalchemy.engine.Engine: show standard_conforming_strings
2025-04-08 19:50:24 [INFO] sqlalchemy.engine.Engine: [raw sql] ()
2025-04-08 19:50:24 [INFO] sqlalchemy.engine.Engine: BEGIN (implicit)
2025-04-08 19:50:24 [INFO] sqlalchemy.engine.Engine: SELECT languages.language, languages.iso 
FROM languages
2025-04-08 19:50:24 [INFO] sqlalchemy.engine.Engine: [generated in 0.00020s] ()
2025-04-08 19:50:39 [INFO] sqlalchemy.engine.Engine: select pg_catalog.version()
2025-04-08 19:50:39 [INFO] sqlalchemy.engine.Engine: [raw sql] ()
2025-04-08 19:50:39 [INFO] sqlalchemy.engine.Engine: select current_schema()
2025-04-08 19:50:39 [INFO] sqlalchemy.engine.Engine: [raw sql] ()
2025-04-08 19:50:39 [INFO] sqlalchemy.engine.Engine: show standard_conforming_strings
2025-04-08 19:50:39 [INFO] sqlalchemy.engine.Engine: [raw sql] ()
2025-04-08 19:50:39 [INFO] sqlalchemy.engine.Engine: BEGIN (implicit)
2025-04-08 19:50:39 [INFO] sqlalchemy.engine.Engine: SELECT languages.language, languages.iso 
FROM languages
2025-04-08 19:50:39 [INFO] sqlalchemy.engine.Engine: [generated in 0.00056s] ()
2025-04-08 19:50:54 [INFO] sqlalchemy.engine.Engine: select pg_catalog.version()
2025-04-08 19:50:54 [INFO] sqlalchemy.engine.Engine: [raw sql] ()
2025-04-08 19:50:54 [INFO] sqlalchemy.engine.Engine: select current_schema()
2025-04-08 19:50:54 [INFO] sqlalchemy.engine.Engine: [raw sql] ()
2025-04-08 19:50:54 [INFO] sqlalchemy.engine.Engine: show standard_conforming_strings
2025-04-08 19:50:54 [INFO] sqlalchemy.engine.Engine: [raw sql] ()
2025-04-08 19:50:54 [INFO] sqlalchemy.engine.Engine: BEGIN (implicit)
2025-04-08 19:50:54 [INFO] sqlalchemy.engine.Engine: SELECT languages.language, languages.iso 
FROM languages
2025-04-08 19:50:54 [INFO] sqlalchemy.engine.Engine: [generated in 0.00026s] ()
2025-04-08 19:52:19 [INFO] sqlalchemy.engine.Engine: ROLLBACK
2025-04-08 19:52:34 [INFO] sqlalchemy.engine.Engine: select pg_catalog.version()
2025-04-08 19:52:34 [INFO] sqlalchemy.engine.Engine: [raw sql] ()
2025-04-08 19:52:34 [INFO] sqlalchemy.engine.Engine: select current_schema()
2025-04-08 19:52:34 [INFO] sqlalchemy.engine.Engine: [raw sql] ()
2025-04-08 19:52:34 [INFO] sqlalchemy.engine.Engine: show standard_conforming_strings
2025-04-08 19:52:34 [INFO] sqlalchemy.engine.Engine: [raw sql] ()
2025-04-08 19:52:34 [INFO] sqlalchemy.engine.Engine: BEGIN (implicit)
2025-04-08 19:52:34 [INFO] sqlalchemy.engine.Engine: SELECT languages.language, languages.iso 
FROM languages
2025-04-08 19:52:34 [INFO] sqlalchemy.engine.Engine: [generated in 0.00025s] ()
2025-04-08 19:53:49 [INFO] sqlalchemy.engine.Engine: ROLLBACK
2025-04-08 19:59:51 [INFO] sqlalchemy.engine.Engine: select pg_catalog.version()
2025-04-08 19:59:51 [INFO] sqlalchemy.engine.Engine: [raw sql] ()
2025-04-08 19:59:51 [INFO] sqlalchemy.engine.Engine: select current_schema()
2025-04-08 19:59:51 [INFO] sqlalchemy.engine.Engine: [raw sql] ()
2025-04-08 19:59:51 [INFO] sqlalchemy.engine.Engine: show standard_conforming_strings
2025-04-08 19:59:51 [INFO] sqlalchemy.engine.Engine: [raw sql] ()
2025-04-08 19:59:51 [INFO] sqlalchemy.engine.Engine: BEGIN (implicit)
2025-04-08 19:59:51 [INFO] sqlalchemy.engine.Engine: SELECT languages.language, languages.iso 
FROM languages
2025-04-08 19:59:51 [INFO] sqlalchemy.engine.Engine: [generated in 0.00022s] ()
